<?xml version="1.0" encoding="UTF-8"?>
<testsuite name="pt.up.fe.ldts.example2.ShapeSpockTest" tests="6" skipped="0" failures="0" errors="0" timestamp="2022-11-23T22:26:12" hostname="PEDROLIMA" time="0.111">
  <properties/>
  <testcase name="Get Area Circle" classname="pt.up.fe.ldts.example2.ShapeSpockTest" time="0.051"/>
  <testcase name="Get Area Rectangle" classname="pt.up.fe.ldts.example2.ShapeSpockTest" time="0.005"/>
  <testcase name="Get Perimeter Circle" classname="pt.up.fe.ldts.example2.ShapeSpockTest" time="0.004"/>
  <testcase name="Get Perimeter Rectangle" classname="pt.up.fe.ldts.example2.ShapeSpockTest" time="0.002"/>
  <testcase name="Draw Circle" classname="pt.up.fe.ldts.example2.ShapeSpockTest" time="0.047"/>
  <testcase name="Draw Rectangle" classname="pt.up.fe.ldts.example2.ShapeSpockTest" time="0.002"/>
  <system-out><![CDATA[]]></system-out>
  <system-err><![CDATA[]]></system-err>
</testsuite>
