<?xml version="1.0" encoding="UTF-8"?>
<testsuite name="pt.up.fe.ldts.example6.TreeSpockTest" tests="6" skipped="0" failures="0" errors="0" timestamp="2022-11-23T15:50:16" hostname="FEUP-B306D15" time="0.038">
  <properties/>
  <testcase name="Tree Creation" classname="pt.up.fe.ldts.example6.TreeSpockTest" time="0.007"/>
  <testcase name="Tree Set Location" classname="pt.up.fe.ldts.example6.TreeSpockTest" time="0.001"/>
  <testcase name="Tree to String" classname="pt.up.fe.ldts.example6.TreeSpockTest" time="0.009"/>
  <testcase name="Add Appraisal" classname="pt.up.fe.ldts.example6.TreeSpockTest" time="0.007"/>
  <testcase name="Next Appraisal Overdue" classname="pt.up.fe.ldts.example6.TreeSpockTest" time="0.012"/>
  <testcase name="Next Appraisal Not Overdue" classname="pt.up.fe.ldts.example6.TreeSpockTest" time="0.001"/>
  <system-out><![CDATA[]]></system-out>
  <system-err><![CDATA[]]></system-err>
</testsuite>
